<?xml version="1.0" encoding="UTF-8"?>
<coverage generated="1637475738460" clover="3.2.0">
  <project timestamp="1637475738460" name="All files">
    <metrics statements="33" coveredstatements="33" conditionals="22" coveredconditionals="22" methods="16" coveredmethods="16" elements="71" coveredelements="71" complexity="0" loc="33" ncloc="33" packages="4" files="6" classes="6"/>
    <package name="src.ciphers">
      <metrics statements="17" coveredstatements="17" conditionals="17" coveredconditionals="17" methods="7" coveredmethods="7"/>
      <file name="code.mjs" path="F:\Структура\Увлечения, хобби (делать)\Backend-разработка\Node.JS\projects\ciphering-CLI-tool\my_ciphering_cli\src\ciphers\code.mjs">
        <metrics statements="17" coveredstatements="17" conditionals="17" coveredconditionals="17" methods="7" coveredmethods="7"/>
        <line num="9" count="1" type="stmt"/>
        <line num="10" count="1" type="stmt"/>
        <line num="11" count="1" type="stmt"/>
        <line num="15" count="8" type="stmt"/>
        <line num="16" count="8" type="stmt"/>
        <line num="18" count="8" type="stmt"/>
        <line num="20" count="8" type="stmt"/>
        <line num="25" count="8" type="stmt"/>
        <line num="27" count="8" type="stmt"/>
        <line num="28" count="8" type="stmt"/>
        <line num="29" count="27" type="stmt"/>
        <line num="32" count="27" type="cond" truecount="4" falsecount="0"/>
        <line num="40" count="27" type="cond" truecount="2" falsecount="0"/>
        <line num="46" count="3" type="stmt"/>
        <line num="52" count="8" type="cond" truecount="4" falsecount="0"/>
        <line num="53" count="8" type="cond" truecount="2" falsecount="0"/>
        <line num="57" count="27" type="cond" truecount="2" falsecount="0"/>
      </file>
    </package>
    <package name="src.helpers">
      <metrics statements="10" coveredstatements="10" conditionals="1" coveredconditionals="1" methods="7" coveredmethods="7"/>
      <file name="helpers-general-js.mjs" path="F:\Структура\Увлечения, хобби (делать)\Backend-разработка\Node.JS\projects\ciphering-CLI-tool\my_ciphering_cli\src\helpers\helpers-general-js.mjs">
        <metrics statements="10" coveredstatements="10" conditionals="1" coveredconditionals="1" methods="7" coveredmethods="7"/>
        <line num="4" count="1" type="stmt"/>
        <line num="9" count="1" type="stmt"/>
        <line num="14" count="9" type="stmt"/>
        <line num="19" count="9" type="stmt"/>
        <line num="24" count="54" type="stmt"/>
        <line num="29" count="8" type="stmt"/>
        <line num="30" count="8" type="stmt"/>
        <line num="32" count="8" type="stmt"/>
        <line num="33" count="24" type="stmt"/>
        <line num="36" count="8" type="stmt"/>
      </file>
    </package>
    <package name="src.working-with-command-line">
      <metrics statements="3" coveredstatements="3" conditionals="4" coveredconditionals="4" methods="2" coveredmethods="2"/>
      <file name="nodejs-cl-general.mjs" path="F:\Структура\Увлечения, хобби (делать)\Backend-разработка\Node.JS\projects\ciphering-CLI-tool\my_ciphering_cli\src\working-with-command-line\nodejs-cl-general.mjs">
        <metrics statements="3" coveredstatements="3" conditionals="4" coveredconditionals="4" methods="2" coveredmethods="2"/>
        <line num="7" count="1" type="stmt"/>
        <line num="12" count="3" type="stmt"/>
        <line num="14" count="3" type="cond" truecount="4" falsecount="0"/>
      </file>
    </package>
    <package name="test-doubles">
      <metrics statements="3" coveredstatements="3" conditionals="0" coveredconditionals="0" methods="0" coveredmethods="0"/>
      <file name="code-cases.mjs" path="F:\Структура\Увлечения, хобби (делать)\Backend-разработка\Node.JS\projects\ciphering-CLI-tool\my_ciphering_cli\test-doubles\code-cases.mjs">
        <metrics statements="1" coveredstatements="1" conditionals="0" coveredconditionals="0" methods="0" coveredmethods="0"/>
        <line num="1" count="1" type="stmt"/>
      </file>
      <file name="errors.mjs" path="F:\Структура\Увлечения, хобби (делать)\Backend-разработка\Node.JS\projects\ciphering-CLI-tool\my_ciphering_cli\test-doubles\errors.mjs">
        <metrics statements="1" coveredstatements="1" conditionals="0" coveredconditionals="0" methods="0" coveredmethods="0"/>
        <line num="1" count="1" type="stmt"/>
      </file>
      <file name="options.mjs" path="F:\Структура\Увлечения, хобби (делать)\Backend-разработка\Node.JS\projects\ciphering-CLI-tool\my_ciphering_cli\test-doubles\options.mjs">
        <metrics statements="1" coveredstatements="1" conditionals="0" coveredconditionals="0" methods="0" coveredmethods="0"/>
        <line num="1" count="2" type="stmt"/>
      </file>
    </package>
  </project>
</coverage>
