<?xml version="1.0" encoding="UTF-8"?>
<coverage generated="1637408288822" clover="3.2.0">
  <project timestamp="1637408288822" name="All files">
    <metrics statements="15" coveredstatements="5" conditionals="5" coveredconditionals="4" methods="9" coveredmethods="2" elements="29" coveredelements="11" complexity="0" loc="15" ncloc="15" packages="3" files="4" classes="4"/>
    <package name="src.helpers">
      <metrics statements="10" coveredstatements="0" conditionals="1" coveredconditionals="0" methods="7" coveredmethods="0"/>
      <file name="helpers-general-js.mjs" path="F:\Структура\Увлечения, хобби (делать)\Backend-разработка\Node.JS\projects\ciphering-CLI-tool\my_ciphering_cli\src\helpers\helpers-general-js.mjs">
        <metrics statements="10" coveredstatements="0" conditionals="1" coveredconditionals="0" methods="7" coveredmethods="0"/>
        <line num="4" count="0" type="stmt"/>
        <line num="9" count="0" type="stmt"/>
        <line num="14" count="0" type="stmt"/>
        <line num="19" count="0" type="stmt"/>
        <line num="24" count="0" type="stmt"/>
        <line num="29" count="0" type="stmt"/>
        <line num="30" count="0" type="stmt"/>
        <line num="32" count="0" type="stmt"/>
        <line num="33" count="0" type="stmt"/>
        <line num="36" count="0" type="stmt"/>
      </file>
    </package>
    <package name="src.working-with-command-line">
      <metrics statements="3" coveredstatements="3" conditionals="4" coveredconditionals="4" methods="2" coveredmethods="2"/>
      <file name="nodejs-cl-general.mjs" path="F:\Структура\Увлечения, хобби (делать)\Backend-разработка\Node.JS\projects\ciphering-CLI-tool\my_ciphering_cli\src\working-with-command-line\nodejs-cl-general.mjs">
        <metrics statements="3" coveredstatements="3" conditionals="4" coveredconditionals="4" methods="2" coveredmethods="2"/>
        <line num="7" count="1" type="stmt"/>
        <line num="12" count="3" type="stmt"/>
        <line num="14" count="3" type="cond" truecount="4" falsecount="0"/>
      </file>
    </package>
    <package name="test-doubles">
      <metrics statements="2" coveredstatements="2" conditionals="0" coveredconditionals="0" methods="0" coveredmethods="0"/>
      <file name="errors.mjs" path="F:\Структура\Увлечения, хобби (делать)\Backend-разработка\Node.JS\projects\ciphering-CLI-tool\my_ciphering_cli\test-doubles\errors.mjs">
        <metrics statements="1" coveredstatements="1" conditionals="0" coveredconditionals="0" methods="0" coveredmethods="0"/>
        <line num="1" count="1" type="stmt"/>
      </file>
      <file name="options.mjs" path="F:\Структура\Увлечения, хобби (делать)\Backend-разработка\Node.JS\projects\ciphering-CLI-tool\my_ciphering_cli\test-doubles\options.mjs">
        <metrics statements="1" coveredstatements="1" conditionals="0" coveredconditionals="0" methods="0" coveredmethods="0"/>
        <line num="1" count="2" type="stmt"/>
      </file>
    </package>
  </project>
</coverage>
