{"F:\\Структура\\Увлечения, хобби (делать)\\Backend-разработка\\Node.JS\\projects\\ciphering-CLI-tool\\my_ciphering_cli\\src\\ciphers\\code.mjs": {"path":"F:\\Структура\\Увлечения, хобби (делать)\\Backend-разработка\\Node.JS\\projects\\ciphering-CLI-tool\\my_ciphering_cli\\src\\ciphers\\code.mjs","statementMap":{"0":{"start":{"line":9,"column":15},"end":{"line":9,"column":32}},"1":{"start":{"line":10,"column":15},"end":{"line":10,"column":32}},"2":{"start":{"line":11,"column":18},"end":{"line":11,"column":20}},"3":{"start":{"line":15,"column":23},"end":{"line":15,"column":70}},"4":{"start":{"line":16,"column":19},"end":{"line":16,"column":72}},"5":{"start":{"line":18,"column":20},"end":{"line":18,"column":34}},"6":{"start":{"line":20,"column":2},"end":{"line":20,"column":19}},"7":{"start":{"line":25,"column":16},"end":{"line":25,"column":53}},"8":{"start":{"line":27,"column":2},"end":{"line":42,"column":4}},"9":{"start":{"line":28,"column":4},"end":{"line":41,"column":7}},"10":{"start":{"line":29,"column":29},"end":{"line":29,"column":48}},"11":{"start":{"line":32,"column":8},"end":{"line":38,"column":13}},"12":{"start":{"line":40,"column":6},"end":{"line":40,"column":70}},"13":{"start":{"line":46,"column":2},"end":{"line":48,"column":4}},"14":{"start":{"line":52,"column":16},"end":{"line":52,"column":75}},"15":{"start":{"line":53,"column":2},"end":{"line":53,"column":60}},"16":{"start":{"line":57,"column":2},"end":{"line":59,"column":34}}},"fnMap":{"0":{"name":"code","decl":{"start":{"line":14,"column":9},"end":{"line":14,"column":13}},"loc":{"start":{"line":14,"column":57},"end":{"line":21,"column":1}},"line":14},"1":{"name":"setCodeOptions","decl":{"start":{"line":24,"column":9},"end":{"line":24,"column":23}},"loc":{"start":{"line":24,"column":57},"end":{"line":43,"column":1}},"line":24},"2":{"name":"(anonymous_2)","decl":{"start":{"line":27,"column":9},"end":{"line":27,"column":10}},"loc":{"start":{"line":27,"column":18},"end":{"line":42,"column":3}},"line":27},"3":{"name":"(anonymous_3)","decl":{"start":{"line":28,"column":19},"end":{"line":28,"column":20}},"loc":{"start":{"line":28,"column":29},"end":{"line":41,"column":5}},"line":28},"4":{"name":"atbash","decl":{"start":{"line":45,"column":9},"end":{"line":45,"column":15}},"loc":{"start":{"line":45,"column":32},"end":{"line":49,"column":1}},"line":45},"5":{"name":"getShift","decl":{"start":{"line":51,"column":9},"end":{"line":51,"column":17}},"loc":{"start":{"line":51,"column":47},"end":{"line":54,"column":1}},"line":51},"6":{"name":"getIndexInAbc","decl":{"start":{"line":56,"column":9},"end":{"line":56,"column":22}},"loc":{"start":{"line":56,"column":29},"end":{"line":60,"column":1}},"line":56}},"branchMap":{"0":{"loc":{"start":{"line":14,"column":34},"end":{"line":14,"column":53}},"type":"default-arg","locations":[{"start":{"line":14,"column":52},"end":{"line":14,"column":53}}],"line":14},"1":{"loc":{"start":{"line":32,"column":8},"end":{"line":38,"column":13}},"type":"cond-expr","locations":[{"start":{"line":33,"column":12},"end":{"line":33,"column":16}},{"start":{"line":34,"column":12},"end":{"line":38,"column":13}}],"line":32},"2":{"loc":{"start":{"line":32,"column":8},"end":{"line":32,"column":57}},"type":"binary-expr","locations":[{"start":{"line":32,"column":8},"end":{"line":32,"column":26}},{"start":{"line":32,"column":30},"end":{"line":32,"column":57}}],"line":32},"3":{"loc":{"start":{"line":34,"column":12},"end":{"line":38,"column":13}},"type":"cond-expr","locations":[{"start":{"line":35,"column":12},"end":{"line":35,"column":34}},{"start":{"line":36,"column":12},"end":{"line":38,"column":13}}],"line":34},"4":{"loc":{"start":{"line":40,"column":13},"end":{"line":40,"column":69}},"type":"cond-expr","locations":[{"start":{"line":40,"column":34},"end":{"line":40,"column":57}},{"start":{"line":40,"column":60},"end":{"line":40,"column":69}}],"line":40},"5":{"loc":{"start":{"line":52,"column":16},"end":{"line":52,"column":75}},"type":"cond-expr","locations":[{"start":{"line":52,"column":42},"end":{"line":52,"column":43}},{"start":{"line":52,"column":46},"end":{"line":52,"column":75}}],"line":52},"6":{"loc":{"start":{"line":52,"column":46},"end":{"line":52,"column":75}},"type":"cond-expr","locations":[{"start":{"line":52,"column":70},"end":{"line":52,"column":71}},{"start":{"line":52,"column":74},"end":{"line":52,"column":75}}],"line":52},"7":{"loc":{"start":{"line":53,"column":9},"end":{"line":53,"column":59}},"type":"cond-expr","locations":[{"start":{"line":53,"column":33},"end":{"line":53,"column":38}},{"start":{"line":53,"column":41},"end":{"line":53,"column":59}}],"line":53},"8":{"loc":{"start":{"line":57,"column":9},"end":{"line":59,"column":33}},"type":"cond-expr","locations":[{"start":{"line":58,"column":6},"end":{"line":58,"column":33}},{"start":{"line":59,"column":6},"end":{"line":59,"column":33}}],"line":57}},"s":{"0":1,"1":1,"2":1,"3":8,"4":8,"5":8,"6":8,"7":8,"8":8,"9":8,"10":27,"11":27,"12":27,"13":3,"14":8,"15":8,"16":27},"f":{"0":8,"1":8,"2":8,"3":27,"4":3,"5":8,"6":27},"b":{"0":[1],"1":[9,18],"2":[27,25],"3":[3,15],"4":[9,18],"5":[2,6],"6":[5,1],"7":[3,5],"8":[9,18]},"_coverageSchema":"1a1c01bbd47fc00a2c39e90264f33305004495a9","hash":"9fea421dbadd43a2eaad8f145102dcec5ddb2ed9"}
,"F:\\Структура\\Увлечения, хобби (делать)\\Backend-разработка\\Node.JS\\projects\\ciphering-CLI-tool\\my_ciphering_cli\\src\\helpers\\helpers-general-js.mjs": {"path":"F:\\Структура\\Увлечения, хобби (делать)\\Backend-разработка\\Node.JS\\projects\\ciphering-CLI-tool\\my_ciphering_cli\\src\\helpers\\helpers-general-js.mjs","statementMap":{"0":{"start":{"line":4,"column":2},"end":{"line":4,"column":25}},"1":{"start":{"line":9,"column":2},"end":{"line":9,"column":30}},"2":{"start":{"line":14,"column":2},"end":{"line":14,"column":22}},"3":{"start":{"line":19,"column":2},"end":{"line":19,"column":30}},"4":{"start":{"line":24,"column":2},"end":{"line":24,"column":37}},"5":{"start":{"line":29,"column":2},"end":{"line":37,"column":4}},"6":{"start":{"line":30,"column":15},"end":{"line":30,"column":23}},"7":{"start":{"line":32,"column":4},"end":{"line":34,"column":5}},"8":{"start":{"line":33,"column":6},"end":{"line":33,"column":36}},"9":{"start":{"line":36,"column":4},"end":{"line":36,"column":18}}},"fnMap":{"0":{"name":"flatArr","decl":{"start":{"line":3,"column":9},"end":{"line":3,"column":16}},"loc":{"start":{"line":3,"column":29},"end":{"line":5,"column":1}},"line":3},"1":{"name":"getIndex","decl":{"start":{"line":8,"column":9},"end":{"line":8,"column":17}},"loc":{"start":{"line":8,"column":32},"end":{"line":10,"column":1}},"line":8},"2":{"name":"getStringFromArray","decl":{"start":{"line":13,"column":9},"end":{"line":13,"column":27}},"loc":{"start":{"line":13,"column":33},"end":{"line":15,"column":1}},"line":13},"3":{"name":"getArrFromStr","decl":{"start":{"line":18,"column":9},"end":{"line":18,"column":22}},"loc":{"start":{"line":18,"column":44},"end":{"line":20,"column":1}},"line":18},"4":{"name":"isUpperCased","decl":{"start":{"line":23,"column":9},"end":{"line":23,"column":21}},"loc":{"start":{"line":23,"column":28},"end":{"line":25,"column":1}},"line":23},"5":{"name":"pipe","decl":{"start":{"line":28,"column":9},"end":{"line":28,"column":13}},"loc":{"start":{"line":28,"column":22},"end":{"line":38,"column":1}},"line":28},"6":{"name":"piped","decl":{"start":{"line":29,"column":18},"end":{"line":29,"column":23}},"loc":{"start":{"line":29,"column":32},"end":{"line":37,"column":3}},"line":29}},"branchMap":{"0":{"loc":{"start":{"line":18,"column":28},"end":{"line":18,"column":42}},"type":"default-arg","locations":[{"start":{"line":18,"column":40},"end":{"line":18,"column":42}}],"line":18}},"s":{"0":1,"1":1,"2":9,"3":9,"4":54,"5":8,"6":8,"7":8,"8":24,"9":8},"f":{"0":1,"1":1,"2":9,"3":9,"4":54,"5":8,"6":8},"b":{"0":[9]},"_coverageSchema":"1a1c01bbd47fc00a2c39e90264f33305004495a9","hash":"40e0101c6d42acd040d52fced6819dc6fd92aa71"}
,"F:\\Структура\\Увлечения, хобби (делать)\\Backend-разработка\\Node.JS\\projects\\ciphering-CLI-tool\\my_ciphering_cli\\src\\working-with-command-line\\nodejs-cl-general.mjs": {"path":"F:\\Структура\\Увлечения, хобби (делать)\\Backend-разработка\\Node.JS\\projects\\ciphering-CLI-tool\\my_ciphering_cli\\src\\working-with-command-line\\nodejs-cl-general.mjs","statementMap":{"0":{"start":{"line":7,"column":2},"end":{"line":7,"column":22}},"1":{"start":{"line":12,"column":22},"end":{"line":12,"column":53}},"2":{"start":{"line":14,"column":2},"end":{"line":16,"column":39}}},"fnMap":{"0":{"name":"getArgs","decl":{"start":{"line":6,"column":9},"end":{"line":6,"column":16}},"loc":{"start":{"line":6,"column":19},"end":{"line":8,"column":1}},"line":6},"1":{"name":"getOptionValue","decl":{"start":{"line":11,"column":9},"end":{"line":11,"column":23}},"loc":{"start":{"line":11,"column":42},"end":{"line":17,"column":1}},"line":11}},"branchMap":{"0":{"loc":{"start":{"line":14,"column":9},"end":{"line":16,"column":38}},"type":"cond-expr","locations":[{"start":{"line":15,"column":6},"end":{"line":15,"column":10}},{"start":{"line":16,"column":6},"end":{"line":16,"column":38}}],"line":14},"1":{"loc":{"start":{"line":14,"column":9},"end":{"line":14,"column":66}},"type":"binary-expr","locations":[{"start":{"line":14,"column":9},"end":{"line":14,"column":27}},{"start":{"line":14,"column":31},"end":{"line":14,"column":66}}],"line":14}},"s":{"0":1,"1":3,"2":3},"f":{"0":1,"1":3},"b":{"0":[1,2],"1":[3,2]},"_coverageSchema":"1a1c01bbd47fc00a2c39e90264f33305004495a9","hash":"6eedc4c20c3ebdff0c3409576f138a22781bf6f1"}
,"F:\\Структура\\Увлечения, хобби (делать)\\Backend-разработка\\Node.JS\\projects\\ciphering-CLI-tool\\my_ciphering_cli\\test-doubles\\code-cases.mjs": {"path":"F:\\Структура\\Увлечения, хобби (делать)\\Backend-разработка\\Node.JS\\projects\\ciphering-CLI-tool\\my_ciphering_cli\\test-doubles\\code-cases.mjs","statementMap":{"0":{"start":{"line":1,"column":18},"end":{"line":65,"column":1}}},"fnMap":{},"branchMap":{},"s":{"0":1},"f":{},"b":{},"_coverageSchema":"1a1c01bbd47fc00a2c39e90264f33305004495a9","hash":"05187db9610652148b4d890941b5aca6d6e86820"}
,"F:\\Структура\\Увлечения, хобби (делать)\\Backend-разработка\\Node.JS\\projects\\ciphering-CLI-tool\\my_ciphering_cli\\test-doubles\\errors.mjs": {"path":"F:\\Структура\\Увлечения, хобби (делать)\\Backend-разработка\\Node.JS\\projects\\ciphering-CLI-tool\\my_ciphering_cli\\test-doubles\\errors.mjs","statementMap":{"0":{"start":{"line":1,"column":15},"end":{"line":9,"column":1}}},"fnMap":{},"branchMap":{},"s":{"0":1},"f":{},"b":{},"_coverageSchema":"1a1c01bbd47fc00a2c39e90264f33305004495a9","hash":"7122c303b9bb1f068012338c9802a56d237bca51"}
,"F:\\Структура\\Увлечения, хобби (делать)\\Backend-разработка\\Node.JS\\projects\\ciphering-CLI-tool\\my_ciphering_cli\\test-doubles\\options.mjs": {"path":"F:\\Структура\\Увлечения, хобби (делать)\\Backend-разработка\\Node.JS\\projects\\ciphering-CLI-tool\\my_ciphering_cli\\test-doubles\\options.mjs","statementMap":{"0":{"start":{"line":1,"column":16},"end":{"line":29,"column":1}}},"fnMap":{},"branchMap":{},"s":{"0":2},"f":{},"b":{},"_coverageSchema":"1a1c01bbd47fc00a2c39e90264f33305004495a9","hash":"335f67d2036e4dc8f5e1db2b6b43129512610c13"}
}
