{"F:\\Структура\\Увлечения, хобби (делать)\\Backend-разработка\\Node.JS\\projects\\ciphering-CLI-tool\\my_ciphering_cli\\src\\helpers\\helpers-general-js.mjs": {"path":"F:\\Структура\\Увлечения, хобби (делать)\\Backend-разработка\\Node.JS\\projects\\ciphering-CLI-tool\\my_ciphering_cli\\src\\helpers\\helpers-general-js.mjs","statementMap":{"0":{"start":{"line":4,"column":2},"end":{"line":4,"column":25}},"1":{"start":{"line":9,"column":2},"end":{"line":9,"column":30}},"2":{"start":{"line":14,"column":2},"end":{"line":14,"column":22}},"3":{"start":{"line":19,"column":2},"end":{"line":19,"column":30}},"4":{"start":{"line":24,"column":2},"end":{"line":24,"column":37}},"5":{"start":{"line":29,"column":2},"end":{"line":37,"column":4}},"6":{"start":{"line":30,"column":15},"end":{"line":30,"column":23}},"7":{"start":{"line":32,"column":4},"end":{"line":34,"column":5}},"8":{"start":{"line":33,"column":6},"end":{"line":33,"column":36}},"9":{"start":{"line":36,"column":4},"end":{"line":36,"column":18}}},"fnMap":{"0":{"name":"flatArr","decl":{"start":{"line":3,"column":9},"end":{"line":3,"column":16}},"loc":{"start":{"line":3,"column":29},"end":{"line":5,"column":1}},"line":3},"1":{"name":"getIndex","decl":{"start":{"line":8,"column":9},"end":{"line":8,"column":17}},"loc":{"start":{"line":8,"column":32},"end":{"line":10,"column":1}},"line":8},"2":{"name":"getStringFromArray","decl":{"start":{"line":13,"column":9},"end":{"line":13,"column":27}},"loc":{"start":{"line":13,"column":33},"end":{"line":15,"column":1}},"line":13},"3":{"name":"getArrFromStr","decl":{"start":{"line":18,"column":9},"end":{"line":18,"column":22}},"loc":{"start":{"line":18,"column":44},"end":{"line":20,"column":1}},"line":18},"4":{"name":"isUpperCased","decl":{"start":{"line":23,"column":9},"end":{"line":23,"column":21}},"loc":{"start":{"line":23,"column":28},"end":{"line":25,"column":1}},"line":23},"5":{"name":"pipe","decl":{"start":{"line":28,"column":9},"end":{"line":28,"column":13}},"loc":{"start":{"line":28,"column":22},"end":{"line":38,"column":1}},"line":28},"6":{"name":"piped","decl":{"start":{"line":29,"column":18},"end":{"line":29,"column":23}},"loc":{"start":{"line":29,"column":32},"end":{"line":37,"column":3}},"line":29}},"branchMap":{"0":{"loc":{"start":{"line":18,"column":28},"end":{"line":18,"column":42}},"type":"default-arg","locations":[{"start":{"line":18,"column":40},"end":{"line":18,"column":42}}],"line":18}},"s":{"0":0,"1":0,"2":0,"3":0,"4":0,"5":0,"6":0,"7":0,"8":0,"9":0},"f":{"0":0,"1":0,"2":0,"3":0,"4":0,"5":0,"6":0},"b":{"0":[0]},"_coverageSchema":"1a1c01bbd47fc00a2c39e90264f33305004495a9","hash":"40e0101c6d42acd040d52fced6819dc6fd92aa71"}
,"F:\\Структура\\Увлечения, хобби (делать)\\Backend-разработка\\Node.JS\\projects\\ciphering-CLI-tool\\my_ciphering_cli\\src\\working-with-command-line\\nodejs-cl-general.mjs": {"path":"F:\\Структура\\Увлечения, хобби (делать)\\Backend-разработка\\Node.JS\\projects\\ciphering-CLI-tool\\my_ciphering_cli\\src\\working-with-command-line\\nodejs-cl-general.mjs","statementMap":{"0":{"start":{"line":7,"column":2},"end":{"line":7,"column":22}},"1":{"start":{"line":12,"column":22},"end":{"line":12,"column":53}},"2":{"start":{"line":14,"column":2},"end":{"line":16,"column":39}}},"fnMap":{"0":{"name":"getArgs","decl":{"start":{"line":6,"column":9},"end":{"line":6,"column":16}},"loc":{"start":{"line":6,"column":19},"end":{"line":8,"column":1}},"line":6},"1":{"name":"getOptionValue","decl":{"start":{"line":11,"column":9},"end":{"line":11,"column":23}},"loc":{"start":{"line":11,"column":42},"end":{"line":17,"column":1}},"line":11}},"branchMap":{"0":{"loc":{"start":{"line":14,"column":9},"end":{"line":16,"column":38}},"type":"cond-expr","locations":[{"start":{"line":15,"column":6},"end":{"line":15,"column":10}},{"start":{"line":16,"column":6},"end":{"line":16,"column":38}}],"line":14},"1":{"loc":{"start":{"line":14,"column":9},"end":{"line":14,"column":66}},"type":"binary-expr","locations":[{"start":{"line":14,"column":9},"end":{"line":14,"column":27}},{"start":{"line":14,"column":31},"end":{"line":14,"column":66}}],"line":14}},"s":{"0":1,"1":3,"2":3},"f":{"0":1,"1":3},"b":{"0":[1,2],"1":[3,2]},"_coverageSchema":"1a1c01bbd47fc00a2c39e90264f33305004495a9","hash":"6eedc4c20c3ebdff0c3409576f138a22781bf6f1"}
,"F:\\Структура\\Увлечения, хобби (делать)\\Backend-разработка\\Node.JS\\projects\\ciphering-CLI-tool\\my_ciphering_cli\\test-doubles\\errors.mjs": {"path":"F:\\Структура\\Увлечения, хобби (делать)\\Backend-разработка\\Node.JS\\projects\\ciphering-CLI-tool\\my_ciphering_cli\\test-doubles\\errors.mjs","statementMap":{"0":{"start":{"line":1,"column":15},"end":{"line":9,"column":1}}},"fnMap":{},"branchMap":{},"s":{"0":1},"f":{},"b":{},"_coverageSchema":"1a1c01bbd47fc00a2c39e90264f33305004495a9","hash":"7122c303b9bb1f068012338c9802a56d237bca51"}
,"F:\\Структура\\Увлечения, хобби (делать)\\Backend-разработка\\Node.JS\\projects\\ciphering-CLI-tool\\my_ciphering_cli\\test-doubles\\options.mjs": {"path":"F:\\Структура\\Увлечения, хобби (делать)\\Backend-разработка\\Node.JS\\projects\\ciphering-CLI-tool\\my_ciphering_cli\\test-doubles\\options.mjs","statementMap":{"0":{"start":{"line":1,"column":16},"end":{"line":29,"column":1}}},"fnMap":{},"branchMap":{},"s":{"0":2},"f":{},"b":{},"_coverageSchema":"1a1c01bbd47fc00a2c39e90264f33305004495a9","hash":"335f67d2036e4dc8f5e1db2b6b43129512610c13"}
}
