TN:
SF:my_ciphering_cli\src\ciphers\code.mjs
FN:14,code
FN:24,setCodeOptions
FN:27,(anonymous_2)
FN:28,(anonymous_3)
FN:45,atbash
FN:51,getShift
FN:56,getIndexInAbc
FNF:7
FNH:7
FNDA:8,code
FNDA:8,setCodeOptions
FNDA:8,(anonymous_2)
FNDA:27,(anonymous_3)
FNDA:3,atbash
FNDA:8,getShift
FNDA:27,getIndexInAbc
DA:9,1
DA:10,1
DA:11,1
DA:15,8
DA:16,8
DA:18,8
DA:20,8
DA:25,8
DA:27,8
DA:28,8
DA:29,27
DA:32,27
DA:40,27
DA:46,3
DA:52,8
DA:53,8
DA:57,27
LF:17
LH:17
BRDA:14,0,0,1
BRDA:32,1,0,9
BRDA:32,1,1,18
BRDA:32,2,0,27
BRDA:32,2,1,25
BRDA:34,3,0,3
BRDA:34,3,1,15
BRDA:40,4,0,9
BRDA:40,4,1,18
BRDA:52,5,0,2
BRDA:52,5,1,6
BRDA:52,6,0,5
BRDA:52,6,1,1
BRDA:53,7,0,3
BRDA:53,7,1,5
BRDA:57,8,0,9
BRDA:57,8,1,18
BRF:17
BRH:17
end_of_record
TN:
SF:my_ciphering_cli\src\helpers\helpers-general-js.mjs
FN:3,flatArr
FN:8,getIndex
FN:13,getStringFromArray
FN:18,getArrFromStr
FN:23,isUpperCased
FN:28,pipe
FN:29,piped
FNF:7
FNH:7
FNDA:1,flatArr
FNDA:1,getIndex
FNDA:9,getStringFromArray
FNDA:9,getArrFromStr
FNDA:54,isUpperCased
FNDA:8,pipe
FNDA:8,piped
DA:4,1
DA:9,1
DA:14,9
DA:19,9
DA:24,54
DA:29,8
DA:30,8
DA:32,8
DA:33,24
DA:36,8
LF:10
LH:10
BRDA:18,0,0,9
BRF:1
BRH:1
end_of_record
TN:
SF:my_ciphering_cli\src\working-with-command-line\nodejs-cl-general.mjs
FN:6,getArgs
FN:11,getOptionValue
FNF:2
FNH:2
FNDA:1,getArgs
FNDA:3,getOptionValue
DA:7,1
DA:12,3
DA:14,3
LF:3
LH:3
BRDA:14,0,0,1
BRDA:14,0,1,2
BRDA:14,1,0,3
BRDA:14,1,1,2
BRF:4
BRH:4
end_of_record
TN:
SF:my_ciphering_cli\test-doubles\code-cases.mjs
FNF:0
FNH:0
DA:1,1
LF:1
LH:1
BRF:0
BRH:0
end_of_record
TN:
SF:my_ciphering_cli\test-doubles\errors.mjs
FNF:0
FNH:0
DA:1,1
LF:1
LH:1
BRF:0
BRH:0
end_of_record
TN:
SF:my_ciphering_cli\test-doubles\options.mjs
FNF:0
FNH:0
DA:1,2
LF:1
LH:1
BRF:0
BRH:0
end_of_record
