TN:
SF:my_ciphering_cli\src\helpers\helpers-general-js.mjs
FN:3,flatArr
FN:8,getIndex
FN:13,getStringFromArray
FN:18,getArrFromStr
FN:23,isUpperCased
FN:28,pipe
FN:29,piped
FNF:7
FNH:0
FNDA:0,flatArr
FNDA:0,getIndex
FNDA:0,getStringFromArray
FNDA:0,getArrFromStr
FNDA:0,isUpperCased
FNDA:0,pipe
FNDA:0,piped
DA:4,0
DA:9,0
DA:14,0
DA:19,0
DA:24,0
DA:29,0
DA:30,0
DA:32,0
DA:33,0
DA:36,0
LF:10
LH:0
BRDA:18,0,0,0
BRF:1
BRH:0
end_of_record
TN:
SF:my_ciphering_cli\src\working-with-command-line\nodejs-cl-general.mjs
FN:6,getArgs
FN:11,getOptionValue
FNF:2
FNH:2
FNDA:1,getArgs
FNDA:3,getOptionValue
DA:7,1
DA:12,3
DA:14,3
LF:3
LH:3
BRDA:14,0,0,1
BRDA:14,0,1,2
BRDA:14,1,0,3
BRDA:14,1,1,2
BRF:4
BRH:4
end_of_record
TN:
SF:my_ciphering_cli\test-doubles\errors.mjs
FNF:0
FNH:0
DA:1,1
LF:1
LH:1
BRF:0
BRH:0
end_of_record
TN:
SF:my_ciphering_cli\test-doubles\options.mjs
FNF:0
FNH:0
DA:1,2
LF:1
LH:1
BRF:0
BRH:0
end_of_record
